<?xml version="1.0" encoding="UTF-8"?>
<!-- Generated by org.testng.reporters.JUnitReportReporter -->
<testsuite skipped="0" hostname="DESKTOP-365Q2BP" name="com.lemon.api.auto.testcase.register.RegisterTest" tests="1" failures="0" timestamp="2020-06-15T16:38:39 CST" time="2.368" errors="0">
  <testcase name="f" time="2.368" classname="com.lemon.api.auto.testcase.register.RegisterTest"/>
</testsuite> <!-- com.lemon.api.auto.testcase.register.RegisterTest -->
